Running analysis: SF
From directory: /lustre/astro/semygind/Data/MembraneInclusion/KPKL/KP0.5KL0/
frame = 100 to 10000
rep = 1 to 10
----------------------------------------------------------
TSI files of N_v 1968 vertices
Start Loading TSI files...
Finished loading rep 1
Finished loading rep 2
Finished loading rep 3
Finished loading rep 4
Finished loading rep 5
Finished loading rep 6
Finished loading rep 7
Finished loading rep 8
Finished loading rep 9
Finished loading rep 10
Finished Loading TSI Files in 1957.69 s 
Starting Fourier Transform...
Finished fouriertransforming rep1
Finished fouriertransforming rep2
Finished fouriertransforming rep3
Finished fouriertransforming rep4
Finished fouriertransforming rep5
Finished fouriertransforming rep6
Finished fouriertransforming rep7
Finished fouriertransforming rep8
Finished fouriertransforming rep9
Finished fouriertransforming rep10
Finished Fourier Transform in 364.664 s 
Finished Static Fluctuation in 0.381026 s 
Finished Analysis total runtime 2323.85 s 
